[2022-11-05 20:32:07,115][MainThread:39160][task_id:django.utils.autoreload][autoreload.py:677][INFO][Watching for file changes with StatReloader]
[2022-11-05 20:32:07,253][MainThread:39160][task_id:apscheduler.scheduler][base.py:171][INFO][Scheduler started]
[2022-11-05 20:32:07,254][MainThread:39160][task_id:task.task][task.py:28][INFO][取得排程物件]
[2022-11-05 20:32:07,255][MainThread:39160][task_id:task.task][task.py:110][INFO][啟動程式自動開啟]
[2022-11-05 20:32:07,256][MainThread:39160][task_id:camera.cameras][cameras.py:482][INFO][啟動所有相機實例開始]
[2022-11-05 20:32:07,266][MainThread:39160][task_id:camera.cameras][cameras.py:439][INFO][新增編號:1 相機開始]
[2022-11-05 20:32:07,267][MainThread:39160][task_id:camera.cameras][cameras.py:204][INFO][編號:1 相機基礎設定]
[2022-11-05 20:32:07,689][MainThread:39160][task_id:camera.cameras][cameras.py:207][INFO][編號:1 相機長寬fps設定]
[2022-11-05 20:32:09,335][MainThread:39160][task_id:camera.cameras][cameras.py:182][INFO][寫入檔案:static/my_output/HappyCamera1video/output_2022-11-05_204.mp4]
[2022-11-05 20:32:09,557][MainThread:39160][task_id:camera.cameras][cameras.py:444][INFO][編號:1 相機建立成功]
[2022-11-05 20:32:09,558][MainThread:39160][task_id:camera.cameras][cameras.py:453][INFO][新增編號:1 相機結束]
[2022-11-05 20:32:09,558][MainThread:39160][task_id:camera.cameras][cameras.py:439][INFO][新增編號:2 相機開始]
[2022-11-05 20:32:09,559][MainThread:39160][task_id:camera.cameras][cameras.py:204][INFO][編號:2 相機基礎設定]
[2022-11-05 20:32:10,864][MainThread:39160][task_id:camera.cameras][cameras.py:207][INFO][編號:2 相機長寬fps設定]
[2022-11-05 20:32:14,004][MainThread:39160][task_id:camera.cameras][cameras.py:182][INFO][寫入檔案:static/my_output/Happy2video/output_2022-11-05_105.mp4]
[2022-11-05 20:32:14,137][MainThread:39160][task_id:camera.cameras][cameras.py:444][INFO][編號:2 相機建立成功]
[2022-11-05 20:32:14,138][MainThread:39160][task_id:camera.cameras][cameras.py:453][INFO][新增編號:2 相機結束]
[2022-11-05 20:32:14,138][MainThread:39160][task_id:camera.cameras][cameras.py:485][INFO][啟動所有相機實例結束]
[2022-11-05 20:32:31,044][MainThread:39160][task_id:django.utils.autoreload][autoreload.py:266][INFO][C:\Users\Happy\Desktop\Happy\Python\Demo\Demo\settings.py changed, reloading.]
[2022-11-05 20:32:32,235][MainThread:49172][task_id:django.utils.autoreload][autoreload.py:677][INFO][Watching for file changes with StatReloader]
[2022-11-05 20:32:32,375][MainThread:49172][task_id:apscheduler.scheduler][base.py:171][INFO][Scheduler started]
[2022-11-05 20:32:32,377][MainThread:49172][task_id:task.task][task.py:28][INFO][取得排程物件]
[2022-11-05 20:32:32,377][MainThread:49172][task_id:task.task][task.py:110][INFO][啟動程式自動開啟]
[2022-11-05 20:32:32,378][MainThread:49172][task_id:camera.cameras][cameras.py:482][INFO][啟動所有相機實例開始]
[2022-11-05 20:32:32,384][MainThread:49172][task_id:camera.cameras][cameras.py:439][INFO][新增編號:1 相機開始]
[2022-11-05 20:32:32,385][MainThread:49172][task_id:camera.cameras][cameras.py:204][INFO][編號:1 相機基礎設定]
[2022-11-05 20:32:32,814][MainThread:49172][task_id:camera.cameras][cameras.py:207][INFO][編號:1 相機長寬fps設定]
[2022-11-05 20:32:34,469][MainThread:49172][task_id:camera.cameras][cameras.py:182][INFO][寫入檔案:static/my_output/HappyCamera1video/output_2022-11-05_205.mp4]
[2022-11-05 20:32:34,693][MainThread:49172][task_id:camera.cameras][cameras.py:444][INFO][編號:1 相機建立成功]
[2022-11-05 20:32:34,695][MainThread:49172][task_id:camera.cameras][cameras.py:453][INFO][新增編號:1 相機結束]
[2022-11-05 20:32:34,695][MainThread:49172][task_id:camera.cameras][cameras.py:439][INFO][新增編號:2 相機開始]
[2022-11-05 20:32:34,696][MainThread:49172][task_id:camera.cameras][cameras.py:204][INFO][編號:2 相機基礎設定]
[2022-11-05 20:32:36,003][MainThread:49172][task_id:camera.cameras][cameras.py:207][INFO][編號:2 相機長寬fps設定]
[2022-11-05 20:32:39,140][MainThread:49172][task_id:camera.cameras][cameras.py:182][INFO][寫入檔案:static/my_output/Happy2video/output_2022-11-05_106.mp4]
[2022-11-05 20:32:39,286][MainThread:49172][task_id:camera.cameras][cameras.py:444][INFO][編號:2 相機建立成功]
[2022-11-05 20:32:39,286][MainThread:49172][task_id:camera.cameras][cameras.py:453][INFO][新增編號:2 相機結束]
[2022-11-05 20:32:39,287][MainThread:49172][task_id:camera.cameras][cameras.py:485][INFO][啟動所有相機實例結束]
[2022-11-05 20:33:30,085][MainThread:38760][task_id:django.utils.autoreload][autoreload.py:677][INFO][Watching for file changes with StatReloader]
[2022-11-05 20:33:30,220][MainThread:38760][task_id:apscheduler.scheduler][base.py:171][INFO][Scheduler started]
[2022-11-05 20:33:30,221][MainThread:38760][task_id:task.task][task.py:28][INFO][取得排程物件]
[2022-11-05 20:33:30,222][MainThread:38760][task_id:task.task][task.py:110][INFO][啟動程式自動開啟]
[2022-11-05 20:33:30,222][MainThread:38760][task_id:camera.cameras][cameras.py:482][INFO][啟動所有相機實例開始]
[2022-11-05 20:33:30,228][MainThread:38760][task_id:camera.cameras][cameras.py:439][INFO][新增編號:1 相機開始]
[2022-11-05 20:33:30,230][MainThread:38760][task_id:camera.cameras][cameras.py:204][INFO][編號:1 相機基礎設定]
[2022-11-05 20:33:30,683][MainThread:38760][task_id:camera.cameras][cameras.py:207][INFO][編號:1 相機長寬fps設定]
[2022-11-05 20:33:32,313][MainThread:38760][task_id:camera.cameras][cameras.py:182][INFO][寫入檔案:static/my_output/HappyCamera1video/output_2022-11-05_206.mp4]
[2022-11-05 20:33:32,528][MainThread:38760][task_id:camera.cameras][cameras.py:444][INFO][編號:1 相機建立成功]
[2022-11-05 20:33:32,529][MainThread:38760][task_id:camera.cameras][cameras.py:453][INFO][新增編號:1 相機結束]
[2022-11-05 20:33:32,529][MainThread:38760][task_id:camera.cameras][cameras.py:439][INFO][新增編號:2 相機開始]
[2022-11-05 20:33:32,530][MainThread:38760][task_id:camera.cameras][cameras.py:204][INFO][編號:2 相機基礎設定]
[2022-11-05 20:33:33,852][MainThread:38760][task_id:camera.cameras][cameras.py:207][INFO][編號:2 相機長寬fps設定]
[2022-11-05 20:33:37,018][MainThread:38760][task_id:camera.cameras][cameras.py:182][INFO][寫入檔案:static/my_output/Happy2video/output_2022-11-05_107.mp4]
[2022-11-05 20:33:37,152][MainThread:38760][task_id:camera.cameras][cameras.py:444][INFO][編號:2 相機建立成功]
[2022-11-05 20:33:37,152][MainThread:38760][task_id:camera.cameras][cameras.py:453][INFO][新增編號:2 相機結束]
[2022-11-05 20:33:37,153][MainThread:38760][task_id:camera.cameras][cameras.py:485][INFO][啟動所有相機實例結束]
[2022-11-05 20:33:42,492][Thread-3 (process_request_thread):13636][task_id:camera.cameras][cameras.py:423][INFO][編號:1 相機取得成功]
[2022-11-05 20:33:42,493][Thread-4 (process_request_thread):40656][task_id:camera.cameras][cameras.py:423][INFO][編號:2 相機取得成功]
[2022-11-05 20:33:42,494][Thread-3 (process_request_thread):13636][task_id:camera.views][views.py:80][INFO][開始顯示直播]
[2022-11-05 20:33:42,494][Thread-4 (process_request_thread):40656][task_id:camera.views][views.py:80][INFO][開始顯示直播]
[2022-11-05 20:33:55,704][Thread-7 (process_request_thread):52004][task_id:camera.views][views.py:187][INFO][不是運行中的檔案也沒有時長所以刪除static/my_output/Happy2video/output_2022-11-05_101.mp4]
[2022-11-05 20:35:14,036][Thread-8 (process_request_thread):56376][task_id:camera.cameras][cameras.py:423][INFO][編號:1 相機取得成功]
[2022-11-05 20:35:14,037][Thread-8 (process_request_thread):56376][task_id:camera.views][views.py:80][INFO][開始顯示直播]
[2022-11-05 20:35:14,051][Thread-5 (process_request_thread):58344][task_id:camera.cameras][cameras.py:423][INFO][編號:2 相機取得成功]
[2022-11-05 20:35:14,051][Thread-5 (process_request_thread):58344][task_id:camera.views][views.py:80][INFO][開始顯示直播]
[2022-11-05 20:35:22,125][Thread-6 (process_request_thread):46660][task_id:camera.views][views.py:206][ERROR][[WinError 2] 系統找不到指定的檔案。: 'static/my_output/Happy2video/output_2022-11-05_101.mp4']
[2022-11-05 20:35:33,973][Thread-6 (process_request_thread):46660][task_id:camera.views][views.py:231][INFO][static/my_output/HappyCamera1video/output_2022-11-05_199.mp4影片時長6.166666666666667]
[2022-11-05 20:35:33,974][Thread-6 (process_request_thread):46660][task_id:camera.views][views.py:232][INFO][static/my_output/HappyCamera1video/output_2022-11-05_199.mp4取得移動列表]
[2022-11-05 20:35:33,974][Thread-6 (process_request_thread):46660][task_id:camera.views][views.py:233][INFO][static/my_output/HappyCamera1video/output_2022-11-05_199.mp4開始時間:]
[2022-11-05 20:35:33,975][Thread-6 (process_request_thread):46660][task_id:camera.views][views.py:234][INFO][2022-11-05 20:10:18.877378]
[2022-11-05 20:35:33,975][Thread-6 (process_request_thread):46660][task_id:camera.views][views.py:235][INFO][static/my_output/HappyCamera1video/output_2022-11-05_199.mp4結束時間:]
[2022-11-05 20:35:33,976][Thread-6 (process_request_thread):46660][task_id:camera.views][views.py:236][INFO][2022-11-05 20:10:25.995032]
[2022-11-05 20:35:33,976][Thread-6 (process_request_thread):46660][task_id:camera.views][views.py:237][INFO][static/my_output/HappyCamera1video/output_2022-11-05_199.mp4移動偵測列表:]
[2022-11-05 20:35:34,080][Thread-6 (process_request_thread):46660][task_id:camera.views][views.py:291][INFO][static/my_output/HappyCamera1video/output_2022-11-05_199.mp4]
[2022-11-05 20:35:45,706][Thread-6 (process_request_thread):46660][task_id:camera.cameras][cameras.py:423][INFO][編號:1 相機取得成功]
[2022-11-05 20:35:45,706][Thread-10 (process_request_thread):31464][task_id:camera.cameras][cameras.py:423][INFO][編號:2 相機取得成功]
[2022-11-05 20:35:45,707][Thread-9 (process_request_thread):47096][task_id:camera.cameras][cameras.py:423][INFO][編號:1 相機取得成功]
[2022-11-05 20:35:45,707][Thread-7 (process_request_thread):52004][task_id:camera.cameras][cameras.py:423][INFO][編號:2 相機取得成功]
[2022-11-05 20:35:45,708][Thread-6 (process_request_thread):46660][task_id:camera.views][views.py:80][INFO][開始顯示直播]
[2022-11-05 20:35:45,708][Thread-10 (process_request_thread):31464][task_id:camera.views][views.py:80][INFO][開始顯示直播]
[2022-11-05 20:35:45,708][Thread-9 (process_request_thread):47096][task_id:camera.views][views.py:80][INFO][開始顯示直播]
[2022-11-05 20:35:45,709][Thread-7 (process_request_thread):52004][task_id:camera.views][views.py:80][INFO][開始顯示直播]
[2022-11-05 20:35:46,260][Thread-9 (process_request_thread):47096][task_id:camera.cameras][cameras.py:282][INFO][編號:1相機成功儲存檔案20221105083546PM]
[2022-11-05 20:35:46,269][Thread-9 (process_request_thread):47096][task_id:camera.cameras][cameras.py:264][INFO][編號:1 相機在20221105083546PM偵測到移動傳入資料庫]
[2022-11-05 20:35:46,578][Thread-7 (process_request_thread):52004][task_id:camera.cameras][cameras.py:282][INFO][編號:2相機成功儲存檔案20221105083546PM]
[2022-11-05 20:35:46,587][Thread-7 (process_request_thread):52004][task_id:camera.cameras][cameras.py:264][INFO][編號:2 相機在20221105083546PM偵測到移動傳入資料庫]
[2022-11-05 20:35:59,917][Thread-12 (process_request_thread):53940][task_id:camera.cameras][cameras.py:182][INFO][寫入檔案:static/my_output/Happy2video/output_2022-11-05_108.mp4]
[2022-11-05 20:36:00,070][Thread-12 (process_request_thread):53940][task_id:camera.views][views.py:231][INFO][static/my_output/Happy2video/output_2022-11-05_107.mp4影片時長6.333333333333333]
[2022-11-05 20:36:00,071][Thread-12 (process_request_thread):53940][task_id:camera.views][views.py:232][INFO][static/my_output/Happy2video/output_2022-11-05_107.mp4取得移動列表]
[2022-11-05 20:36:00,071][Thread-12 (process_request_thread):53940][task_id:camera.views][views.py:233][INFO][static/my_output/Happy2video/output_2022-11-05_107.mp4開始時間:]
[2022-11-05 20:36:00,072][Thread-12 (process_request_thread):53940][task_id:camera.views][views.py:234][INFO][2022-11-05 20:35:46.089520]
[2022-11-05 20:36:00,072][Thread-12 (process_request_thread):53940][task_id:camera.views][views.py:235][INFO][static/my_output/Happy2video/output_2022-11-05_107.mp4結束時間:]
[2022-11-05 20:36:00,072][Thread-12 (process_request_thread):53940][task_id:camera.views][views.py:236][INFO][2022-11-05 20:35:59.857052]
[2022-11-05 20:36:00,073][Thread-12 (process_request_thread):53940][task_id:camera.views][views.py:237][INFO][static/my_output/Happy2video/output_2022-11-05_107.mp4移動偵測列表:]
[2022-11-05 20:36:00,162][Thread-12 (process_request_thread):53940][task_id:camera.views][views.py:291][INFO][static/my_output/intime/1.mp4]
[2022-11-05 20:36:20,211][Thread-9 (process_request_thread):47096][task_id:camera.cameras][cameras.py:282][INFO][編號:1相機成功儲存檔案20221105083620PM]
[2022-11-05 20:36:20,219][Thread-9 (process_request_thread):47096][task_id:camera.cameras][cameras.py:264][INFO][編號:1 相機在20221105083620PM偵測到移動傳入資料庫]
[2022-11-05 20:36:23,172][Thread-13 (update_camera):11220][task_id:camera.cameras][cameras.py:455][INFO][更新編號:2 相機開始]
[2022-11-05 20:36:23,223][Thread-13 (update_camera):11220][task_id:camera.cameras][cameras.py:204][INFO][編號:2 相機基礎設定]
[2022-11-05 20:36:23,225][Thread-13 (update_camera):11220][task_id:camera.cameras][cameras.py:207][INFO][編號:2 相機長寬fps設定]
[2022-11-05 20:36:26,381][Thread-13 (update_camera):11220][task_id:camera.cameras][cameras.py:182][INFO][寫入檔案:static/my_output/Happy2video/output_2022-11-05_109.mp4]
[2022-11-05 20:36:26,536][Thread-13 (update_camera):11220][task_id:camera.cameras][cameras.py:462][INFO][編號:2 相機建立成功]
[2022-11-05 20:36:26,537][Thread-13 (update_camera):11220][task_id:camera.cameras][cameras.py:476][INFO][更新編號:2 相機結束]
[2022-11-05 20:36:37,659][Thread-12 (process_request_thread):53940][task_id:camera.views][views.py:231][INFO][static/my_output/Happy2video/output_2022-11-05_107.mp4影片時長6.333333333333333]
[2022-11-05 20:36:37,660][Thread-12 (process_request_thread):53940][task_id:camera.views][views.py:232][INFO][static/my_output/Happy2video/output_2022-11-05_107.mp4取得移動列表]
[2022-11-05 20:36:37,661][Thread-12 (process_request_thread):53940][task_id:camera.views][views.py:233][INFO][static/my_output/Happy2video/output_2022-11-05_107.mp4開始時間:]
[2022-11-05 20:36:37,661][Thread-12 (process_request_thread):53940][task_id:camera.views][views.py:234][INFO][2022-11-05 20:35:46.089520]
[2022-11-05 20:36:37,662][Thread-12 (process_request_thread):53940][task_id:camera.views][views.py:235][INFO][static/my_output/Happy2video/output_2022-11-05_107.mp4結束時間:]
[2022-11-05 20:36:37,662][Thread-12 (process_request_thread):53940][task_id:camera.views][views.py:236][INFO][2022-11-05 20:35:59.857052]
[2022-11-05 20:36:37,663][Thread-12 (process_request_thread):53940][task_id:camera.views][views.py:237][INFO][static/my_output/Happy2video/output_2022-11-05_107.mp4移動偵測列表:]
[2022-11-05 20:36:37,773][Thread-12 (process_request_thread):53940][task_id:camera.views][views.py:291][INFO][static/my_output/Happy2video/output_2022-11-05_107.mp4]
[2022-11-05 20:36:50,356][Thread-7 (process_request_thread):52004][task_id:camera.cameras][cameras.py:282][INFO][編號:2相機成功儲存檔案20221105083650PM]
[2022-11-05 20:36:50,364][Thread-7 (process_request_thread):52004][task_id:camera.cameras][cameras.py:264][INFO][編號:2 相機在20221105083650PM偵測到移動傳入資料庫]
[2022-11-05 20:36:51,019][Thread-9 (process_request_thread):47096][task_id:camera.cameras][cameras.py:282][INFO][編號:1相機成功儲存檔案20221105083651PM]
[2022-11-05 20:36:51,027][Thread-9 (process_request_thread):47096][task_id:camera.cameras][cameras.py:264][INFO][編號:1 相機在20221105083651PM偵測到移動傳入資料庫]
[2022-11-05 20:37:28,282][Thread-9 (process_request_thread):47096][task_id:camera.cameras][cameras.py:282][INFO][編號:1相機成功儲存檔案20221105083728PM]
[2022-11-05 20:37:28,291][Thread-9 (process_request_thread):47096][task_id:camera.cameras][cameras.py:264][INFO][編號:1 相機在20221105083728PM偵測到移動傳入資料庫]
[2022-11-05 20:37:51,903][Thread-7 (process_request_thread):52004][task_id:camera.cameras][cameras.py:282][INFO][編號:2相機成功儲存檔案20221105083751PM]
[2022-11-05 20:37:51,910][Thread-7 (process_request_thread):52004][task_id:camera.cameras][cameras.py:264][INFO][編號:2 相機在20221105083751PM偵測到移動傳入資料庫]
[2022-11-05 20:37:59,917][Thread-9 (process_request_thread):47096][task_id:camera.cameras][cameras.py:282][INFO][編號:1相機成功儲存檔案20221105083759PM]
[2022-11-05 20:37:59,927][Thread-9 (process_request_thread):47096][task_id:camera.cameras][cameras.py:264][INFO][編號:1 相機在20221105083759PM偵測到移動傳入資料庫]
[2022-11-05 20:38:31,600][Thread-9 (process_request_thread):47096][task_id:camera.cameras][cameras.py:282][INFO][編號:1相機成功儲存檔案20221105083831PM]
[2022-11-05 20:38:31,609][Thread-9 (process_request_thread):47096][task_id:camera.cameras][cameras.py:264][INFO][編號:1 相機在20221105083831PM偵測到移動傳入資料庫]
[2022-11-05 20:39:04,956][Thread-9 (process_request_thread):47096][task_id:camera.cameras][cameras.py:282][INFO][編號:1相機成功儲存檔案20221105083904PM]
[2022-11-05 20:39:04,963][Thread-9 (process_request_thread):47096][task_id:camera.cameras][cameras.py:264][INFO][編號:1 相機在20221105083904PM偵測到移動傳入資料庫]
[2022-11-05 20:39:20,585][Thread-7 (process_request_thread):52004][task_id:camera.cameras][cameras.py:282][INFO][編號:2相機成功儲存檔案20221105083920PM]
[2022-11-05 20:39:20,593][Thread-7 (process_request_thread):52004][task_id:camera.cameras][cameras.py:264][INFO][編號:2 相機在20221105083920PM偵測到移動傳入資料庫]
[2022-11-05 20:39:35,033][Thread-9 (process_request_thread):47096][task_id:camera.cameras][cameras.py:282][INFO][編號:1相機成功儲存檔案20221105083935PM]
[2022-11-05 20:39:35,042][Thread-9 (process_request_thread):47096][task_id:camera.cameras][cameras.py:264][INFO][編號:1 相機在20221105083935PM偵測到移動傳入資料庫]
[2022-11-05 20:40:00,012][ThreadPoolExecutor-1_0:48840][task_id:apscheduler.executors.default][base.py:123][INFO][Running job "update_ALLcamera (trigger: cron[month='*', day='*', day_of_week='*', hour='*', minute='*/10'], next run at: 2022-11-05 20:50:00 CST)" (scheduled at 2022-11-05 20:40:00+08:00)]
[2022-11-05 20:40:00,014][ThreadPoolExecutor-1_0:48840][task_id:task.views][views.py:75][INFO][排程固定更新所有相機開始]
[2022-11-05 20:40:00,015][ThreadPoolExecutor-1_0:48840][task_id:camera.cameras][cameras.py:482][INFO][啟動所有相機實例開始]
[2022-11-05 20:40:00,024][ThreadPoolExecutor-1_0:48840][task_id:camera.cameras][cameras.py:455][INFO][更新編號:1 相機開始]
[2022-11-05 20:40:00,061][ThreadPoolExecutor-1_0:48840][task_id:camera.cameras][cameras.py:204][INFO][編號:1 相機基礎設定]
[2022-11-05 20:40:00,064][ThreadPoolExecutor-1_0:48840][task_id:camera.cameras][cameras.py:207][INFO][編號:1 相機長寬fps設定]
[2022-11-05 20:40:00,785][ThreadPoolExecutor-1_0:48840][task_id:camera.cameras][cameras.py:182][INFO][寫入檔案:static/my_output/HappyCamera1video/output_2022-11-05_207.mp4]
[2022-11-05 20:40:00,943][ThreadPoolExecutor-1_0:48840][task_id:camera.cameras][cameras.py:462][INFO][編號:1 相機建立成功]
[2022-11-05 20:40:00,944][ThreadPoolExecutor-1_0:48840][task_id:camera.cameras][cameras.py:476][INFO][更新編號:1 相機結束]
[2022-11-05 20:40:00,944][ThreadPoolExecutor-1_0:48840][task_id:camera.cameras][cameras.py:455][INFO][更新編號:2 相機開始]
[2022-11-05 20:40:00,968][ThreadPoolExecutor-1_0:48840][task_id:camera.cameras][cameras.py:160][INFO][編號:2 刪除沒有時長的影片]
[2022-11-05 20:40:00,968][ThreadPoolExecutor-1_0:48840][task_id:camera.cameras][cameras.py:204][INFO][編號:2 相機基礎設定]
[2022-11-05 20:40:00,971][ThreadPoolExecutor-1_0:48840][task_id:camera.cameras][cameras.py:207][INFO][編號:2 相機長寬fps設定]
[2022-11-05 20:40:04,110][ThreadPoolExecutor-1_0:48840][task_id:camera.cameras][cameras.py:182][INFO][寫入檔案:static/my_output/Happy2video/output_2022-11-05_109.mp4]
[2022-11-05 20:40:04,253][ThreadPoolExecutor-1_0:48840][task_id:camera.cameras][cameras.py:462][INFO][編號:2 相機建立成功]
[2022-11-05 20:40:04,254][ThreadPoolExecutor-1_0:48840][task_id:camera.cameras][cameras.py:476][INFO][更新編號:2 相機結束]
[2022-11-05 20:40:04,254][ThreadPoolExecutor-1_0:48840][task_id:camera.cameras][cameras.py:485][INFO][啟動所有相機實例結束]
[2022-11-05 20:40:04,255][ThreadPoolExecutor-1_0:48840][task_id:task.views][views.py:77][INFO][排程固定更新所有相機結束]
[2022-11-05 20:40:04,255][ThreadPoolExecutor-1_0:48840][task_id:apscheduler.executors.default][base.py:144][INFO][Job "update_ALLcamera (trigger: cron[month='*', day='*', day_of_week='*', hour='*', minute='*/10'], next run at: 2022-11-05 20:50:00 CST)" executed successfully]
[2022-11-05 20:40:11,382][Thread-9 (process_request_thread):47096][task_id:camera.cameras][cameras.py:282][INFO][編號:1相機成功儲存檔案20221105084011PM]
[2022-11-05 20:40:11,391][Thread-9 (process_request_thread):47096][task_id:camera.cameras][cameras.py:264][INFO][編號:1 相機在20221105084011PM偵測到移動傳入資料庫]
[2022-11-05 20:40:18,266][Thread-11 (process_request_thread):17316][task_id:camera.views][views.py:231][INFO][static/my_output/HappyCamera1video/output_2022-11-05_206.mp4影片時長242.0]
[2022-11-05 20:40:18,267][Thread-11 (process_request_thread):17316][task_id:camera.views][views.py:232][INFO][static/my_output/HappyCamera1video/output_2022-11-05_206.mp4取得移動列表]
[2022-11-05 20:40:18,268][Thread-11 (process_request_thread):17316][task_id:camera.views][views.py:233][INFO][static/my_output/HappyCamera1video/output_2022-11-05_206.mp4開始時間:]
[2022-11-05 20:40:18,269][Thread-11 (process_request_thread):17316][task_id:camera.views][views.py:234][INFO][2022-11-05 20:35:45.964942]
[2022-11-05 20:40:18,269][Thread-11 (process_request_thread):17316][task_id:camera.views][views.py:235][INFO][static/my_output/HappyCamera1video/output_2022-11-05_206.mp4結束時間:]
[2022-11-05 20:40:18,270][Thread-11 (process_request_thread):17316][task_id:camera.views][views.py:236][INFO][2022-11-05 20:40:00.025397]
[2022-11-05 20:40:18,270][Thread-11 (process_request_thread):17316][task_id:camera.views][views.py:237][INFO][static/my_output/HappyCamera1video/output_2022-11-05_206.mp4移動偵測列表:]
[2022-11-05 20:40:35,418][Thread-11 (process_request_thread):17316][task_id:camera.views][views.py:231][INFO][static/my_output/Happy2video/output_2022-11-05_108.mp4影片時長10.666666666666666]
[2022-11-05 20:40:35,418][Thread-11 (process_request_thread):17316][task_id:camera.views][views.py:232][INFO][static/my_output/Happy2video/output_2022-11-05_108.mp4取得移動列表]
[2022-11-05 20:40:35,419][Thread-11 (process_request_thread):17316][task_id:camera.views][views.py:233][INFO][static/my_output/Happy2video/output_2022-11-05_108.mp4開始時間:]
[2022-11-05 20:40:35,419][Thread-11 (process_request_thread):17316][task_id:camera.views][views.py:234][INFO][2022-11-05 20:36:00.361366]
[2022-11-05 20:40:35,420][Thread-11 (process_request_thread):17316][task_id:camera.views][views.py:235][INFO][static/my_output/Happy2video/output_2022-11-05_108.mp4結束時間:]
[2022-11-05 20:40:35,421][Thread-11 (process_request_thread):17316][task_id:camera.views][views.py:236][INFO][2022-11-05 20:36:23.173925]
[2022-11-05 20:40:35,421][Thread-11 (process_request_thread):17316][task_id:camera.views][views.py:237][INFO][static/my_output/Happy2video/output_2022-11-05_108.mp4移動偵測列表:]
[2022-11-05 20:40:35,536][Thread-11 (process_request_thread):17316][task_id:camera.views][views.py:291][INFO][static/my_output/Happy2video/output_2022-11-05_108.mp4]
[2022-11-05 20:40:42,411][Thread-9 (process_request_thread):47096][task_id:camera.cameras][cameras.py:282][INFO][編號:1相機成功儲存檔案20221105084042PM]
[2022-11-05 20:40:42,419][Thread-9 (process_request_thread):47096][task_id:camera.cameras][cameras.py:264][INFO][編號:1 相機在20221105084042PM偵測到移動傳入資料庫]
[2022-11-05 20:40:42,839][Thread-7 (process_request_thread):52004][task_id:camera.cameras][cameras.py:282][INFO][編號:2相機成功儲存檔案20221105084042PM]
[2022-11-05 20:40:42,847][Thread-7 (process_request_thread):52004][task_id:camera.cameras][cameras.py:264][INFO][編號:2 相機在20221105084042PM偵測到移動傳入資料庫]
[2022-11-05 20:40:45,229][Thread-12 (process_request_thread):53940][task_id:camera.views][views.py:231][INFO][static/my_output/Happy2video/output_2022-11-05_108.mp4影片時長10.666666666666666]
[2022-11-05 20:40:45,230][Thread-12 (process_request_thread):53940][task_id:camera.views][views.py:232][INFO][static/my_output/Happy2video/output_2022-11-05_108.mp4取得移動列表]
[2022-11-05 20:40:45,230][Thread-12 (process_request_thread):53940][task_id:camera.views][views.py:233][INFO][static/my_output/Happy2video/output_2022-11-05_108.mp4開始時間:]
[2022-11-05 20:40:45,231][Thread-12 (process_request_thread):53940][task_id:camera.views][views.py:234][INFO][2022-11-05 20:36:00.361366]
[2022-11-05 20:40:45,231][Thread-12 (process_request_thread):53940][task_id:camera.views][views.py:235][INFO][static/my_output/Happy2video/output_2022-11-05_108.mp4結束時間:]
[2022-11-05 20:40:45,232][Thread-12 (process_request_thread):53940][task_id:camera.views][views.py:236][INFO][2022-11-05 20:36:23.173925]
[2022-11-05 20:40:45,233][Thread-12 (process_request_thread):53940][task_id:camera.views][views.py:237][INFO][static/my_output/Happy2video/output_2022-11-05_108.mp4移動偵測列表:]
[2022-11-05 20:40:45,329][Thread-12 (process_request_thread):53940][task_id:camera.views][views.py:291][INFO][static/my_output/Happy2video/output_2022-11-05_108.mp4]
[2022-11-05 20:40:49,182][Thread-12 (process_request_thread):53940][task_id:camera.views][views.py:231][INFO][static/my_output/HappyCamera1video/output_2022-11-05_206.mp4影片時長242.0]
[2022-11-05 20:40:49,182][Thread-12 (process_request_thread):53940][task_id:camera.views][views.py:232][INFO][static/my_output/HappyCamera1video/output_2022-11-05_206.mp4取得移動列表]
[2022-11-05 20:40:49,183][Thread-12 (process_request_thread):53940][task_id:camera.views][views.py:233][INFO][static/my_output/HappyCamera1video/output_2022-11-05_206.mp4開始時間:]
[2022-11-05 20:40:49,184][Thread-12 (process_request_thread):53940][task_id:camera.views][views.py:234][INFO][2022-11-05 20:35:45.964942]
[2022-11-05 20:40:49,184][Thread-12 (process_request_thread):53940][task_id:camera.views][views.py:235][INFO][static/my_output/HappyCamera1video/output_2022-11-05_206.mp4結束時間:]
[2022-11-05 20:40:49,185][Thread-12 (process_request_thread):53940][task_id:camera.views][views.py:236][INFO][2022-11-05 20:40:00.025397]
[2022-11-05 20:40:49,185][Thread-12 (process_request_thread):53940][task_id:camera.views][views.py:237][INFO][static/my_output/HappyCamera1video/output_2022-11-05_206.mp4移動偵測列表:]
[2022-11-05 20:40:49,282][Thread-12 (process_request_thread):53940][task_id:camera.views][views.py:291][INFO][static/my_output/HappyCamera1video/output_2022-11-05_206.mp4]
[2022-11-05 20:40:49,291][Thread-11 (process_request_thread):17316][task_id:camera.views][views.py:291][INFO][static/my_output/HappyCamera1video/output_2022-11-05_206.mp4]
[2022-11-05 20:40:49,324][Thread-11 (process_request_thread):17316][task_id:camera.views][views.py:291][INFO][static/my_output/HappyCamera1video/output_2022-11-05_206.mp4]
[2022-11-05 20:40:54,389][Thread-17 (process_request_thread):55632][task_id:camera.views][views.py:291][INFO][static/my_output/HappyCamera1video/output_2022-11-05_206.mp4]
